<?xml version="1.0" encoding="UTF-8"?>
<!-- Generated by org.testng.reporters.JUnitReportReporter -->
<testsuite hostname="Lenovo" failures="0" tests="1" name="org.muviereck.settingsTestCase.TC_logout_01" time="8.486" errors="0" timestamp="2023-04-11T11:09:22 IST" skipped="0">
  <testcase classname="org.muviereck.settingsTestCase.TC_logout_01" name="clicklogout" time="8.486"/>
  <system-out/>
</testsuite> <!-- org.muviereck.settingsTestCase.TC_logout_01 -->
