<?xml version="1.0" encoding="UTF-8"?>
<!-- Generated by org.testng.reporters.JUnitReportReporter -->
<testsuite hostname="Lenovo" failures="0" tests="3" name="org.muviereck.settingsTestCase.TC_SettingOrginal_01" time="43.542" errors="0" timestamp="2023-04-11T11:09:22 IST" skipped="0">
  <testcase classname="org.muviereck.settingsTestCase.TC_SettingOrginal_01" name="orginal" time="20.275"/>
  <system-out/>
  <testcase classname="org.muviereck.settingsTestCase.TC_SettingOrginal_01" name="orginalchar" time="11.173"/>
  <system-out/>
  <testcase classname="org.muviereck.settingsTestCase.TC_SettingOrginal_01" name="orginalspcl" time="12.094"/>
  <system-out/>
</testsuite> <!-- org.muviereck.settingsTestCase.TC_SettingOrginal_01 -->
