<?xml version="1.0" encoding="UTF-8"?>
<!-- Generated by org.testng.reporters.JUnitReportReporter -->
<testsuite hostname="Lenovo" failures="0" tests="2" name="org.muviereck.resellerTestCase.TC_Edit_01" time="29.803" errors="0" timestamp="2023-04-11T11:09:22 IST" skipped="0">
  <testcase classname="org.muviereck.resellerTestCase.TC_Edit_01" name="edittestneg" time="19.212"/>
  <system-out/>
  <testcase classname="org.muviereck.resellerTestCase.TC_Edit_01" name="edittestcancel" time="10.591"/>
  <system-out/>
</testsuite> <!-- org.muviereck.resellerTestCase.TC_Edit_01 -->
