<?xml version="1.0" encoding="UTF-8"?>
<!-- Generated by org.testng.reporters.JUnitReportReporter -->
<testsuite hostname="Lenovo" failures="0" tests="4" name="org.muviereck.customerTestCase.TC_CustomerSearch_01" time="64.490" errors="0" timestamp="2023-04-11T11:09:22 IST" skipped="0">
  <testcase classname="org.muviereck.customerTestCase.TC_CustomerSearch_01" name="customersearch" time="27.665"/>
  <system-out/>
  <testcase classname="org.muviereck.customerTestCase.TC_CustomerSearch_01" name="customersearchNegative" time="14.066"/>
  <system-out/>
  <testcase classname="org.muviereck.customerTestCase.TC_CustomerSearch_01" name="customersearchemtyneg" time="11.304"/>
  <system-out/>
  <testcase classname="org.muviereck.customerTestCase.TC_CustomerSearch_01" name="customersearchtypneg" time="11.455"/>
  <system-out/>
</testsuite> <!-- org.muviereck.customerTestCase.TC_CustomerSearch_01 -->
