<?xml version="1.0" encoding="UTF-8"?>
<!-- Generated by org.testng.reporters.JUnitReportReporter -->
<testsuite hostname="Lenovo" failures="0" tests="2" name="org.muviereck.customerTestCase.TC_CustomerContains_01" time="50.966" errors="0" timestamp="2023-04-11T11:09:22 IST" skipped="0">
  <testcase classname="org.muviereck.customerTestCase.TC_CustomerContains_01" name="customercontain" time="26.368"/>
  <system-out/>
  <testcase classname="org.muviereck.customerTestCase.TC_CustomerContains_01" name="customercontainneg" time="24.598"/>
  <system-out/>
</testsuite> <!-- org.muviereck.customerTestCase.TC_CustomerContains_01 -->
