<?xml version="1.0" encoding="UTF-8"?>
<!-- Generated by org.testng.reporters.JUnitReportReporter -->
<testsuite hostname="Lenovo" failures="0" tests="1" name="org.muviereck.customerTestCase.TC_CustomerSort_01" time="27.770" errors="0" timestamp="2023-04-11T11:09:22 IST" skipped="0">
  <testcase classname="org.muviereck.customerTestCase.TC_CustomerSort_01" name="Customertest" time="27.770"/>
  <system-out/>
</testsuite> <!-- org.muviereck.customerTestCase.TC_CustomerSort_01 -->
