<?xml version="1.0" encoding="UTF-8"?>
<!-- Generated by org.testng.reporters.JUnitReportReporter -->
<testsuite hostname="Lenovo" failures="0" tests="2" name="org.muviereck.resellerTestCase.TC_Delete_01" time="28.424" errors="0" timestamp="2023-04-11T11:09:22 IST" skipped="0">
  <testcase classname="org.muviereck.resellerTestCase.TC_Delete_01" name="deletetest" time="17.124"/>
  <system-out/>
  <testcase classname="org.muviereck.resellerTestCase.TC_Delete_01" name="deletetestcon" time="11.300"/>
  <system-out/>
</testsuite> <!-- org.muviereck.resellerTestCase.TC_Delete_01 -->
