<?xml version="1.0" encoding="UTF-8"?>
<!-- Generated by org.testng.reporters.JUnitReportReporter -->
<testsuite hostname="Lenovo" failures="0" tests="4" name="org.muviereck.LoginTestCase.TC_Login_01" time="23.483" errors="0" timestamp="2023-04-11T11:09:22 IST" skipped="0">
  <testcase classname="org.muviereck.LoginTestCase.TC_Login_01" name="TC_logintest" time="8.098"/>
  <system-out/>
  <testcase classname="org.muviereck.LoginTestCase.TC_Login_01" name="TC_logintestNegative" time="5.932"/>
  <system-out/>
  <testcase classname="org.muviereck.LoginTestCase.TC_Login_01" name="TC_logintestNegativeemail" time="4.777"/>
  <system-out/>
  <testcase classname="org.muviereck.LoginTestCase.TC_Login_01" name="TC_logintestNegativepwd" time="4.676"/>
  <system-out/>
</testsuite> <!-- org.muviereck.LoginTestCase.TC_Login_01 -->
