<?xml version="1.0" encoding="UTF-8"?>
<!-- Generated by org.testng.reporters.JUnitReportReporter -->
<testsuite hostname="Lenovo" failures="0" tests="3" name="org.muviereck.settingsTestCase.TC_settingMRP_01" time="31.785" errors="0" timestamp="2023-04-11T11:09:22 IST" skipped="0">
  <testcase classname="org.muviereck.settingsTestCase.TC_settingMRP_01" name="settingtest" time="13.566"/>
  <system-out/>
  <testcase classname="org.muviereck.settingsTestCase.TC_settingMRP_01" name="settingtestchar" time="8.684"/>
  <system-out/>
  <testcase classname="org.muviereck.settingsTestCase.TC_settingMRP_01" name="settingtestspcl" time="9.535"/>
  <system-out/>
</testsuite> <!-- org.muviereck.settingsTestCase.TC_settingMRP_01 -->
