<?xml version="1.0" encoding="UTF-8"?>
<!-- Generated by org.testng.reporters.JUnitReportReporter -->
<testsuite hostname="Lenovo" failures="0" tests="2" name="org.muviereck.settingsTestCase.TC_setting_01" time="18.917" errors="0" timestamp="2023-04-11T10:07:35 IST" skipped="0">
  <testcase classname="org.muviereck.settingsTestCase.TC_setting_01" name="settingtestchar" time="9.866"/>
  <system-out/>
  <testcase classname="org.muviereck.settingsTestCase.TC_setting_01" name="settingtestspcl" time="9.051"/>
  <system-out/>
</testsuite> <!-- org.muviereck.settingsTestCase.TC_setting_01 -->
