<?xml version="1.0" encoding="UTF-8"?>
<!-- Generated by org.testng.reporters.JUnitReportReporter -->
<testsuite hostname="Lenovo" failures="0" tests="1" name="org.muviereck.resellerTestCase.TC_contains_01" time="20.421" errors="0" timestamp="2023-04-11T11:09:22 IST" skipped="0">
  <testcase classname="org.muviereck.resellerTestCase.TC_contains_01" name="namecon" time="20.421"/>
  <system-out/>
</testsuite> <!-- org.muviereck.resellerTestCase.TC_contains_01 -->
